<?xml version="1.0" encoding="UTF-8"?>
<!-- Generated by org.testng.reporters.JUnitXMLReporter -->
<testsuite ignored="3" hostname="IL-IT-VENKATESHV" failures="1" tests="1" name="Regression Suite" time="0.171" errors="0" timestamp="29 Oct 2024 08:56:34 GMT">
  <testcase classname="inmobus.testcases.New_School_Register" name="New_School_Registration" time="0.076">
    <failure type="java.lang.NullPointerException">
      <![CDATA[java.lang.NullPointerException
at java.base/java.util.Objects.requireNonNull(Objects.java:222)
at org.openqa.selenium.support.ui.FluentWait.<init>(FluentWait.java:106)
at org.openqa.selenium.support.ui.WebDriverWait.<init>(WebDriverWait.java:85)
at org.openqa.selenium.support.ui.WebDriverWait.<init>(WebDriverWait.java:45)
at inmobius.POM.student_registerPOM.<init>(student_registerPOM.java:16)
at inmobus.testcases.New_School_Register.New_School_Registration(New_School_Register.java:52)
at java.base/java.util.concurrent.FutureTask.run(FutureTask.java:264)
at java.base/java.util.concurrent.ThreadPoolExecutor.runWorker(ThreadPoolExecutor.java:1130)
at java.base/java.util.concurrent.ThreadPoolExecutor$Worker.run(ThreadPoolExecutor.java:630)
at java.base/java.lang.Thread.run(Thread.java:832)
... Removed 16 stack frames]]>
    </failure>
  </testcase> <!-- New_School_Registration -->
  <testcase classname="inmobus.testcases.student_register" name="student_registration" time="0.0">
    <ignored/>
  </testcase> <!-- student_registration -->
  <testcase classname="inmobus.testcases.adminlogin_eventcreate" name="event_create" time="0.0">
    <ignored/>
  </testcase> <!-- event_create -->
  <testcase classname="inmobus.testcases.insights" name="tenantDetails" time="0.0">
    <ignored/>
  </testcase> <!-- tenantDetails -->
</testsuite> <!-- Regression Suite -->
