<?xml version="1.0" encoding="UTF-8"?>
<!-- Generated by org.testng.reporters.JUnitXMLReporter -->
<testsuite ignored="1" hostname="IL-IT-VENKATESHV" failures="1" tests="1" name="Sanity Suite" time="0.171" errors="0" timestamp="29 Oct 2024 08:56:34 GMT">
  <testcase classname="inmobus.testcases.insights" name="tenantDetails" time="0.076">
    <failure type="java.lang.NullPointerException">
      <![CDATA[java.lang.NullPointerException
at java.base/java.util.Objects.requireNonNull(Objects.java:222)
at org.openqa.selenium.support.ui.FluentWait.<init>(FluentWait.java:106)
at org.openqa.selenium.support.ui.WebDriverWait.<init>(WebDriverWait.java:85)
at org.openqa.selenium.support.ui.WebDriverWait.<init>(WebDriverWait.java:45)
at inmobius.POM.gatewayDashbaord.<init>(gatewayDashbaord.java:17)
at inmobus.testcases.insights.tenantDetails(insights.java:81)
at java.base/java.util.concurrent.FutureTask.run(FutureTask.java:264)
at java.base/java.util.concurrent.ThreadPoolExecutor.runWorker(ThreadPoolExecutor.java:1130)
at java.base/java.util.concurrent.ThreadPoolExecutor$Worker.run(ThreadPoolExecutor.java:630)
at java.base/java.lang.Thread.run(Thread.java:832)
... Removed 16 stack frames]]>
    </failure>
  </testcase> <!-- tenantDetails -->
  <testcase classname="inmobus.testcases.student_register" name="student_registration" time="0.0">
    <ignored/>
  </testcase> <!-- student_registration -->
</testsuite> <!-- Sanity Suite -->
